The system is: Windows - 10.0.18363 - AMD64
Compiling the C compiler identification source file "CMakeCCompilerId.c" succeeded.
Compiler: C:/Program Files (x86)/Microsoft Visual Studio/2019/Community/VC/Tools/MSVC/14.28.29910/bin/Hostx64/x64/cl.exe 
Build flags: 
Id flags:  

The output was:
0
Microsoft (R) C/C++ Optimizing Compiler Version 19.28.29912 for x64
Copyright (C) Microsoft Corporation.  All rights reserved.

CMakeCCompilerId.c
Microsoft (R) Incremental Linker Version 14.28.29912.0
Copyright (C) Microsoft Corporation.  All rights reserved.

/out:CMakeCCompilerId.exe 
CMakeCCompilerId.obj 


Compilation of the C compiler identification source "CMakeCCompilerId.c" produced "CMakeCCompilerId.exe"

Compilation of the C compiler identification source "CMakeCCompilerId.c" produced "CMakeCCompilerId.obj"

The C compiler identification is MSVC, found in "C:/playground/udacitySelfDrivingCar/prediction/CarND-Path-Planning-Project/src/Eigen-3.3/out/build/x64-Debug/CMakeFiles/3.19.20122902-MSVC_2/CompilerIdC/CMakeCCompilerId.exe"

Compiling the CXX compiler identification source file "CMakeCXXCompilerId.cpp" succeeded.
Compiler: C:/Program Files (x86)/Microsoft Visual Studio/2019/Community/VC/Tools/MSVC/14.28.29910/bin/Hostx64/x64/cl.exe 
Build flags: 
Id flags:  

The output was:
0
Microsoft (R) C/C++ Optimizing Compiler Version 19.28.29912 for x64
Copyright (C) Microsoft Corporation.  All rights reserved.

CMakeCXXCompilerId.cpp
Microsoft (R) Incremental Linker Version 14.28.29912.0
Copyright (C) Microsoft Corporation.  All rights reserved.

/out:CMakeCXXCompilerId.exe 
CMakeCXXCompilerId.obj 


Compilation of the CXX compiler identification source "CMakeCXXCompilerId.cpp" produced "CMakeCXXCompilerId.exe"

Compilation of the CXX compiler identification source "CMakeCXXCompilerId.cpp" produced "CMakeCXXCompilerId.obj"

The CXX compiler identification is MSVC, found in "C:/playground/udacitySelfDrivingCar/prediction/CarND-Path-Planning-Project/src/Eigen-3.3/out/build/x64-Debug/CMakeFiles/3.19.20122902-MSVC_2/CompilerIdCXX/CMakeCXXCompilerId.exe"

Detecting C compiler ABI info compiled with the following output:
Change Dir: C:/playground/udacitySelfDrivingCar/prediction/CarND-Path-Planning-Project/src/Eigen-3.3/out/build/x64-Debug/CMakeFiles/CMakeTmp

Run Build Command(s):C:/Program Files (x86)/Microsoft Visual Studio/2019/Community/Common7/IDE/CommonExtensions/Microsoft/CMake/Ninja/ninja.exe cmTC_4b1be && [1/2] Building C object CMakeFiles\cmTC_4b1be.dir\CMakeCCompilerABI.c.obj
[2/2] Linking C executable cmTC_4b1be.exe



Detecting CXX compiler ABI info compiled with the following output:
Change Dir: C:/playground/udacitySelfDrivingCar/prediction/CarND-Path-Planning-Project/src/Eigen-3.3/out/build/x64-Debug/CMakeFiles/CMakeTmp

Run Build Command(s):C:/Program Files (x86)/Microsoft Visual Studio/2019/Community/Common7/IDE/CommonExtensions/Microsoft/CMake/Ninja/ninja.exe cmTC_a87bb && [1/2] Building CXX object CMakeFiles\cmTC_a87bb.dir\CMakeCXXCompilerABI.cpp.obj
[2/2] Linking CXX executable cmTC_a87bb.exe



Performing C++ SOURCE FILE Test standard_math_library_linked_to_automatically succeeded with the following output:
Change Dir: C:/playground/udacitySelfDrivingCar/prediction/CarND-Path-Planning-Project/src/Eigen-3.3/out/build/x64-Debug/CMakeFiles/CMakeTmp

Run Build Command(s):C:/Program Files (x86)/Microsoft Visual Studio/2019/Community/Common7/IDE/CommonExtensions/Microsoft/CMake/Ninja/ninja.exe cmTC_f52b5 && [1/2] Building CXX object CMakeFiles\cmTC_f52b5.dir\src.cxx.obj
src.cxx(2): warning C4834: discarding return value of function with 'nodiscard' attribute
[2/2] Linking CXX executable cmTC_f52b5.exe


Source file was:
#include<cmath>
int main() { std::sin(0.0); std::log(0.0f); }
Performing C++ SOURCE FILE Test COMPILER_SUPPORT_OPENMP succeeded with the following output:
Change Dir: C:/playground/udacitySelfDrivingCar/prediction/CarND-Path-Planning-Project/src/Eigen-3.3/out/build/x64-Debug/CMakeFiles/CMakeTmp

Run Build Command(s):C:/Program Files (x86)/Microsoft Visual Studio/2019/Community/Common7/IDE/CommonExtensions/Microsoft/CMake/Ninja/ninja.exe cmTC_319a3 && [1/2] Building CXX object CMakeFiles\cmTC_319a3.dir\src.cxx.obj
[2/2] Linking CXX executable cmTC_319a3.exe


Source file was:
int main() { return 0; }
Performing C++ SOURCE FILE Test COMPILER_SUPPORT_FPFAST succeeded with the following output:
Change Dir: C:/playground/udacitySelfDrivingCar/prediction/CarND-Path-Planning-Project/src/Eigen-3.3/out/build/x64-Debug/CMakeFiles/CMakeTmp

Run Build Command(s):C:/Program Files (x86)/Microsoft Visual Studio/2019/Community/Common7/IDE/CommonExtensions/Microsoft/CMake/Ninja/ninja.exe cmTC_d5cc7 && [1/2] Building CXX object CMakeFiles\cmTC_d5cc7.dir\src.cxx.obj
[2/2] Linking CXX executable cmTC_d5cc7.exe


Source file was:
int main() { return 0; }
