Performing C++ SOURCE FILE Test EIGEN_COMPILER_SUPPORT_CPP11 failed with the following output:
Change Dir: C:/playground/udacitySelfDrivingCar/prediction/CarND-Path-Planning-Project/src/Eigen-3.3/out/build/x64-Debug/CMakeFiles/CMakeTmp

Run Build Command(s):C:/Program Files (x86)/Microsoft Visual Studio/2019/Community/Common7/IDE/CommonExtensions/Microsoft/CMake/Ninja/ninja.exe cmTC_c5dc5 && [1/2] Building CXX object CMakeFiles\cmTC_c5dc5.dir\src.cxx.obj
cl : Command line warning D9002 : ignoring unknown option '-std=c++11'
[2/2] Linking CXX executable cmTC_c5dc5.exe


Source file was:
int main() { return 0; }
Performing C++ SOURCE FILE Test EIGEN_COMPILER_SUPPORT_CXX11 failed with the following output:
Change Dir: C:/playground/udacitySelfDrivingCar/prediction/CarND-Path-Planning-Project/src/Eigen-3.3/out/build/x64-Debug/CMakeFiles/CMakeTmp

Run Build Command(s):C:/Program Files (x86)/Microsoft Visual Studio/2019/Community/Common7/IDE/CommonExtensions/Microsoft/CMake/Ninja/ninja.exe cmTC_10e38 && [1/2] Building CXX object CMakeFiles\cmTC_10e38.dir\src.cxx.obj
cl : Command line warning D9002 : ignoring unknown option '-std=c++11'
[2/2] Linking CXX executable cmTC_10e38.exe


Source file was:
int main() { return 0; }
Compiling the Fortran compiler identification source file "CMakeFortranCompilerId.F" failed.
Compiler: CMAKE_Fortran_COMPILER-NOTFOUND 
Build flags: 
Id flags: -v 

The output was:
The system cannot find the file specified


Compiling the Fortran compiler identification source file "CMakeFortranCompilerId.F" failed.
Compiler: CMAKE_Fortran_COMPILER-NOTFOUND 
Build flags: 
Id flags:  

The output was:
The system cannot find the file specified


Compiling the Fortran compiler identification source file "CMakeFortranCompilerId.F" failed.
Compiler: CMAKE_Fortran_COMPILER-NOTFOUND 
Build flags: 
Id flags: -c 

The output was:
The system cannot find the file specified


Compiling the Fortran compiler identification source file "CMakeFortranCompilerId.F" failed.
Compiler: CMAKE_Fortran_COMPILER-NOTFOUND 
Build flags: 
Id flags: -fpp 

The output was:
The system cannot find the file specified


Compiling the Fortran compiler identification source file "CMakeFortranCompilerId.F" failed.
Compiler: CMAKE_Fortran_COMPILER-NOTFOUND 
Build flags: 
Id flags: -v 

The output was:
The system cannot find the file specified


Compiling the Fortran compiler identification source file "CMakeFortranCompilerId.F" failed.
Compiler: CMAKE_Fortran_COMPILER-NOTFOUND 
Build flags: 
Id flags:  

The output was:
The system cannot find the file specified


Compiling the Fortran compiler identification source file "CMakeFortranCompilerId.F" failed.
Compiler: CMAKE_Fortran_COMPILER-NOTFOUND 
Build flags: 
Id flags: -c 

The output was:
The system cannot find the file specified


Compiling the Fortran compiler identification source file "CMakeFortranCompilerId.F" failed.
Compiler: CMAKE_Fortran_COMPILER-NOTFOUND 
Build flags: 
Id flags: -fpp 

The output was:
The system cannot find the file specified


Performing C++ SOURCE FILE Test COMPILER_SUPPORT_FASTMATH failed with the following output:
Change Dir: C:/playground/udacitySelfDrivingCar/prediction/CarND-Path-Planning-Project/src/Eigen-3.3/out/build/x64-Debug/CMakeFiles/CMakeTmp

Run Build Command(s):C:/Program Files (x86)/Microsoft Visual Studio/2019/Community/Common7/IDE/CommonExtensions/Microsoft/CMake/Ninja/ninja.exe cmTC_ddb17 && [1/2] Building CXX object CMakeFiles\cmTC_ddb17.dir\src.cxx.obj
cl : Command line warning D9002 : ignoring unknown option '-ffast-math'
[2/2] Linking CXX executable cmTC_ddb17.exe


Source file was:
int main() { return 0; }
Determining if the include file pthread.h exists failed with the following output:
Change Dir: C:/playground/udacitySelfDrivingCar/prediction/CarND-Path-Planning-Project/src/Eigen-3.3/out/build/x64-Debug/CMakeFiles/CMakeTmp

Run Build Command(s):C:/Program Files (x86)/Microsoft Visual Studio/2019/Community/Common7/IDE/CommonExtensions/Microsoft/CMake/Ninja/ninja.exe cmTC_4b1e7 && [1/2] Building C object CMakeFiles\cmTC_4b1e7.dir\CheckIncludeFile.c.obj
FAILED: CMakeFiles/cmTC_4b1e7.dir/CheckIncludeFile.c.obj 
C:\PROGRA~2\MICROS~2\2019\COMMUN~1\VC\Tools\MSVC\1428~1.299\bin\Hostx64\x64\cl.exe  /nologo   /DWIN32 /D_WINDOWS /W3  /MDd /Zi /Ob0 /Od /RTC1 /showIncludes /FoCMakeFiles\cmTC_4b1e7.dir\CheckIncludeFile.c.obj /FdCMakeFiles\cmTC_4b1e7.dir\ /FS -c CheckIncludeFile.c
CheckIncludeFile.c(1): fatal error C1083: Cannot open include file: 'pthread.h': No such file or directory
ninja: build stopped: subcommand failed.



